<?xml version="1.0" encoding="UTF-8"?>
<testsuite xmlns:xsi="http://www.w3.org/2001/XMLSchema-instance" xsi:schemaLocation="https://maven.apache.org/surefire/maven-surefire-plugin/xsd/surefire-test-report.xsd" name="com.devops.Bookstore.IntegrationTest" time="10.232" tests="2" errors="2" skipped="0" failures="0">
  <properties>
    <property name="java.vendor" value="Oracle Corporation"/>
    <property name="sun.java.launcher" value="SUN_STANDARD"/>
    <property name="catalina.base" value="E:\Users\SARAN\workspace\Bookstore\target\tomcat"/>
    <property name="sun.management.compiler" value="HotSpot 64-Bit Tiered Compilers"/>
    <property name="catalina.useNaming" value="true"/>
    <property name="os.name" value="Windows 7"/>
    <property name="sun.boot.class.path" value="C:\Program Files\Java\jdk1.8.0_131\jre\lib\resources.jar;C:\Program Files\Java\jdk1.8.0_131\jre\lib\rt.jar;C:\Program Files\Java\jdk1.8.0_131\jre\lib\sunrsasign.jar;C:\Program Files\Java\jdk1.8.0_131\jre\lib\jsse.jar;C:\Program Files\Java\jdk1.8.0_131\jre\lib\jce.jar;C:\Program Files\Java\jdk1.8.0_131\jre\lib\charsets.jar;C:\Program Files\Java\jdk1.8.0_131\jre\lib\jfr.jar;C:\Program Files\Java\jdk1.8.0_131\jre\classes"/>
    <property name="java.util.logging.config.file" value="E:\Users\SARAN\workspace\Bookstore\target\tomcat\conf\logging.properties"/>
    <property name="sun.desktop" value="windows"/>
    <property name="java.vm.specification.vendor" value="Oracle Corporation"/>
    <property name="java.runtime.version" value="1.8.0_131-b11"/>
    <property name="user.name" value="SARAN"/>
    <property name="shared.loader" value=""/>
    <property name="guice.disable.misplaced.annotation.check" value="true"/>
    <property name="tomcat.util.buf.StringCache.byte.enabled" value="true"/>
    <property name="user.language" value="en"/>
    <property name="java.naming.factory.initial" value="org.apache.naming.java.javaURLContextFactory"/>
    <property name="sun.boot.library.path" value="C:\Program Files\Java\jdk1.8.0_131\jre\bin"/>
    <property name="classworlds.conf" value="E:\Users\SARAN\workspace\.metadata\.plugins\org.eclipse.m2e.launching\launches\m2conf2379836569300364717.tmp"/>
    <property name="java.version" value="1.8.0_131"/>
    <property name="java.util.logging.manager" value="org.apache.juli.ClassLoaderLogManager"/>
    <property name="user.timezone" value="Asia/Calcutta"/>
    <property name="sun.arch.data.model" value="64"/>
    <property name="java.endorsed.dirs" value="C:\Program Files\Java\jdk1.8.0_131\jre\lib\endorsed"/>
    <property name="sun.cpu.isalist" value="amd64"/>
    <property name="sun.jnu.encoding" value="Cp1252"/>
    <property name="file.encoding.pkg" value="sun.io"/>
    <property name="package.access" value="sun.,org.apache.catalina.,org.apache.coyote.,org.apache.tomcat.,org.apache.jasper."/>
    <property name="file.separator" value="\"/>
    <property name="java.specification.name" value="Java Platform API Specification"/>
    <property name="java.class.version" value="52.0"/>
    <property name="user.country" value="IN"/>
    <property name="java.home" value="C:\Program Files\Java\jdk1.8.0_131\jre"/>
    <property name="java.vm.info" value="mixed mode"/>
    <property name="os.version" value="6.1"/>
    <property name="path.separator" value=";"/>
    <property name="java.vm.version" value="25.131-b11"/>
    <property name="user.variant" value=""/>
    <property name="java.awt.printerjob" value="sun.awt.windows.WPrinterJob"/>
    <property name="sun.io.unicode.encoding" value="UnicodeLittle"/>
    <property name="tomcat.util.scan.DefaultJarScanner.jarsToSkip" value="bootstrap.jar,commons-daemon.jar,tomcat-juli.jar,annotations-api.jar,el-api.jar,jsp-api.jar,servlet-api.jar,websocket-api.jar,catalina.jar,catalina-ant.jar,catalina-ha.jar,catalina-tribes.jar,jasper.jar,jasper-el.jar,ecj-*.jar,tomcat-api.jar,tomcat-util.jar,tomcat-coyote.jar,tomcat-dbcp.jar,tomcat-jni.jar,tomcat-spdy.jar,tomcat-i18n-en.jar,tomcat-i18n-es.jar,tomcat-i18n-fr.jar,tomcat-i18n-ja.jar,tomcat-juli-adapters.jar,catalina-jmx-remote.jar,catalina-ws.jar,tomcat-jdbc.jar,tools.jar,commons-beanutils*.jar,commons-codec*.jar,commons-collections*.jar,commons-dbcp*.jar,commons-digester*.jar,commons-fileupload*.jar,commons-httpclient*.jar,commons-io*.jar,commons-lang*.jar,commons-logging*.jar,commons-math*.jar,commons-pool*.jar,jstl.jar,geronimo-spec-jaxrpc*.jar,wsdl4j*.jar,ant.jar,ant-junit*.jar,aspectj*.jar,jmx.jar,h2*.jar,hibernate*.jar,httpclient*.jar,jmx-tools.jar,jta*.jar,log4j.jar,log4j-1*.jar,mail*.jar,slf4j*.jar,xercesImpl.jar,xmlParserAPIs.jar,xml-apis.jar,junit.jar,junit-*.jar,hamcrest*.jar,org.hamcrest*.jar,ant-launcher.jar"/>
    <property name="awt.toolkit" value="sun.awt.windows.WToolkit"/>
    <property name="package.definition" value="sun.,java.,org.apache.catalina.,org.apache.coyote.,org.apache.tomcat.,org.apache.jasper."/>
    <property name="user.script" value=""/>
    <property name="java.naming.factory.url.pkgs" value="org.apache.naming"/>
    <property name="user.home" value="C:\Users\SARAN"/>
    <property name="org.apache.catalina.startup.ContextConfig.jarsToSkip" value=""/>
    <property name="java.specification.vendor" value="Oracle Corporation"/>
    <property name="java.library.path" value="C:\Program Files\Java\jdk1.8.0_131\bin;C:\Windows\Sun\Java\bin;C:\Windows\system32;C:\Windows;C:/Program Files/Java/jre1.8.0_171/bin/server;C:/Program Files/Java/jre1.8.0_171/bin;C:/Program Files/Java/jre1.8.0_171/lib/amd64;C:\Program Files (x86)\Common Files\Oracle\Java\javapath;C:\Program Files\MongoDB\Server\3.4\bin;C:\Program Files\Java\jdk1.8.0_131\bin;C:\Program Files (x86)\PC Connectivity Solution\;C:\Program Files\Common Files\Microsoft Shared\Windows Live;C:\Program Files (x86)\Common Files\Microsoft Shared\Windows Live;C:\Program Files (x86)\HP SimplePass 2011\x64;C:\Program Files (x86)\HP SimplePass 2011\;C:\Windows\system32;C:\Windows;C:\Windows\System32\Wbem;C:\Windows\System32\WindowsPowerShell\v1.0\;C:\Program Files (x86)\Windows Live\Shared;C:\Program Files (x86)\ATI Technologies\ATI.ACE\Core-Static;C:\Program Files (x86)\Intel\Services\IPT\;C:\Program Files (x86)\Microsoft SQL Server\100\Tools\Binn\;C:\Program Files\Microsoft SQL Server\100\Tools\Binn\;C:\Program Files\Microsoft SQL Server\100\DTS\Binn\;C:\Program Files (x86)\QuickTime\QTSystem\;C:\ProgramData\Oracle\Java\javapath;C:\Program Files\dotnet\;C:\Program Files\Microsoft SQL Server\130\Tools\Binn\;E:\Program Files\PuTTY\;E:\Program Files\Git\cmd;E:\Program Files\Microsoft VS Code\bin; C:\Program Files\Java\jdk1.8.0_131\bin;E:\Users\SARAN\apache-maven-3.5.3-bin\apache-maven-3.5.3\bin;E:\Users\SARAN\Downloads\eclipse-jee-neon-3-win32-x86_64\eclipse;;."/>
    <property name="java.vendor.url" value="http://java.oracle.com/"/>
    <property name="org.apache.catalina.startup.TldConfig.jarsToSkip" value="tomcat7-websocket.jar"/>
    <property name="java.vm.vendor" value="Oracle Corporation"/>
    <property name="common.loader" value="${catalina.base}/lib,${catalina.base}/lib/*.jar,${catalina.home}/lib,${catalina.home}/lib/*.jar"/>
    <property name="maven.home" value="E:\Users\SARAN\workspace\Bookstore\EMBEDDED"/>
    <property name="java.runtime.name" value="Java(TM) SE Runtime Environment"/>
    <property name="sun.java.command" value="org.codehaus.plexus.classworlds.launcher.Launcher -B clean compile verify"/>
    <property name="java.class.path" value="/E:/Users/SARAN/Downloads/eclipse-jee-neon-3-win32-x86_64/eclipse/plugins/org.eclipse.m2e.maven.runtime_1.7.0.20160603-1931/jars/plexus-classworlds-2.5.2.jar"/>
    <property name="java.vm.specification.name" value="Java Virtual Machine Specification"/>
    <property name="java.vm.specification.version" value="1.8"/>
    <property name="catalina.home" value="E:\Users\SARAN\workspace\Bookstore\target\tomcat"/>
    <property name="sun.cpu.endian" value="little"/>
    <property name="sun.os.patch.level" value="Service Pack 1"/>
    <property name="java.io.tmpdir" value="C:\Users\SARAN\AppData\Local\Temp\"/>
    <property name="java.vendor.url.bug" value="http://bugreport.sun.com/bugreport/"/>
    <property name="maven.multiModuleProjectDirectory" value="E:\Users\SARAN\workspace\Bookstore"/>
    <property name="server.loader" value=""/>
    <property name="os.arch" value="amd64"/>
    <property name="java.awt.graphicsenv" value="sun.awt.Win32GraphicsEnvironment"/>
    <property name="java.ext.dirs" value="C:\Program Files\Java\jdk1.8.0_131\jre\lib\ext;C:\Windows\Sun\Java\lib\ext"/>
    <property name="user.dir" value="E:\Users\SARAN\workspace\Bookstore"/>
    <property name="line.separator" value="&#10;"/>
    <property name="java.vm.name" value="Java HotSpot(TM) 64-Bit Server VM"/>
    <property name="file.encoding" value="Cp1252"/>
    <property name="tomcat.maven.http.port" value="6080"/>
    <property name="java.specification.version" value="1.8"/>
  </properties>
  <testcase name="shouldLogin" classname="com.devops.Bookstore.IntegrationTest" time="7.698">
    <error message="java.net.SocketException: Connection reset&#10;Build info: version: &apos;3.8.1&apos;, revision: &apos;6e95a6684b&apos;, time: &apos;2017-12-01T18:33:54.468Z&apos;&#10;System info: host: &apos;SARAN-HP&apos;, ip: &apos;192.168.56.1&apos;, os.name: &apos;Windows 7&apos;, os.arch: &apos;amd64&apos;, os.version: &apos;6.1&apos;, java.version: &apos;1.8.0_131&apos;&#10;Driver info: driver.version: RemoteWebDriver" type="org.openqa.selenium.WebDriverException">org.openqa.selenium.WebDriverException: 
java.net.SocketException: Connection reset
Build info: version: '3.8.1', revision: '6e95a6684b', time: '2017-12-01T18:33:54.468Z'
System info: host: 'SARAN-HP', ip: '192.168.56.1', os.name: 'Windows 7', os.arch: 'amd64', os.version: '6.1', java.version: '1.8.0_131'
Driver info: driver.version: RemoteWebDriver
	at com.devops.Bookstore.IntegrationTest.shouldLogin(IntegrationTest.java:51)
Caused by: java.net.SocketException: Connection reset
	at com.devops.Bookstore.IntegrationTest.shouldLogin(IntegrationTest.java:51)
</error>
    <system-err><![CDATA[Starting ChromeDriver 2.28.455520 (cc17746adff54984afff480136733114c6b3704b) on port 21009
Only local connections are allowed.
Apr 29, 2018 10:36:55 PM org.openqa.selenium.remote.ProtocolHandshake createSession
INFO: Detected dialect: OSS
]]></system-err>
  </testcase>
  <testcase name="com.devops.Bookstore.IntegrationTest" classname="com.devops.Bookstore.IntegrationTest" time="10.23">
    <error message="org.apache.http.conn.HttpHostConnectException: Connect to localhost:21009 [localhost/127.0.0.1, localhost/0:0:0:0:0:0:0:1] failed: Connection refused: connect&#10;Build info: version: &apos;3.8.1&apos;, revision: &apos;6e95a6684b&apos;, time: &apos;2017-12-01T18:33:54.468Z&apos;&#10;System info: host: &apos;SARAN-HP&apos;, ip: &apos;192.168.56.1&apos;, os.name: &apos;Windows 7&apos;, os.arch: &apos;amd64&apos;, os.version: &apos;6.1&apos;, java.version: &apos;1.8.0_131&apos;&#10;Driver info: driver.version: RemoteWebDriver" type="org.openqa.selenium.WebDriverException">org.openqa.selenium.WebDriverException: 
org.apache.http.conn.HttpHostConnectException: Connect to localhost:21009 [localhost/127.0.0.1, localhost/0:0:0:0:0:0:0:1] failed: Connection refused: connect
Build info: version: '3.8.1', revision: '6e95a6684b', time: '2017-12-01T18:33:54.468Z'
System info: host: 'SARAN-HP', ip: '192.168.56.1', os.name: 'Windows 7', os.arch: 'amd64', os.version: '6.1', java.version: '1.8.0_131'
Driver info: driver.version: RemoteWebDriver
	at com.devops.Bookstore.IntegrationTest.cleanUp(IntegrationTest.java:45)
Caused by: org.apache.http.conn.HttpHostConnectException: Connect to localhost:21009 [localhost/127.0.0.1, localhost/0:0:0:0:0:0:0:1] failed: Connection refused: connect
	at com.devops.Bookstore.IntegrationTest.cleanUp(IntegrationTest.java:45)
Caused by: java.net.ConnectException: Connection refused: connect
	at com.devops.Bookstore.IntegrationTest.cleanUp(IntegrationTest.java:45)
</error>
  </testcase>
</testsuite>